2026-05-19T18:20:33Z | INFO | applier init pid=33002 mission=/Users/dave/Documents/Projects/megalodon-fleet
2026-05-19T18:20:33Z | INFO | APPLIED rid=2026-05-19T21-42-47Z-orchestrator-TASKS_md-TASKS_INJECT-a2ca agent=orchestrator lane=? intent=TASKS_INJECT target=TASKS.md
2026-05-19T18:20:33Z | INFO | APPLIED rid=2026-05-19T21-46-36Z-orchestrator-TASKS_md-TASKS_INJECT-034f agent=orchestrator lane=? intent=TASKS_INJECT target=TASKS.md
2026-05-19T18:20:33Z | INFO | APPLIED rid=2026-05-19T21-46-36Z-orchestrator-TASKS_md-TASKS_INJECT-192b agent=orchestrator lane=? intent=TASKS_INJECT target=TASKS.md
2026-05-19T18:20:33Z | INFO | APPLIED rid=2026-05-19T21-46-36Z-orchestrator-TASKS_md-TASKS_INJECT-946c agent=orchestrator lane=? intent=TASKS_INJECT target=TASKS.md
2026-05-19T18:20:33Z | INFO | APPLIED rid=2026-05-19T22-13-49Z-agent-db2a-TASKS_md-TASKS_BRACKET-55b4 agent=agent-db2a lane=? intent=TASKS_BRACKET target=TASKS.md
2026-05-19T18:20:33Z | INFO | APPLIED rid=2026-05-19T22-14-39Z-agent-db2a-TASKS_md-TASKS_BRACKET-c1a2 agent=agent-db2a lane=? intent=TASKS_BRACKET target=TASKS.md
2026-05-19T18:20:33Z | INFO | APPLIED rid=2026-05-19T22-14-40Z-agent-d510-TASKS_md-TASKS_BRACKET-b537 agent=agent-d510 lane=? intent=TASKS_BRACKET target=TASKS.md
2026-05-19T18:20:33Z | INFO | APPLIED rid=2026-05-19T22-18-24Z-agent-07c5-TASKS_md-TASKS_BRACKET-1a96 agent=agent-07c5 lane=? intent=TASKS_BRACKET target=TASKS.md
2026-05-19T18:21:17Z | INFO | APPLIED rid=2026-05-19T22-21-17Z-agent-07c5-TASKS_md-TASKS_BRACKET-ca24 agent=agent-07c5 lane=? intent=TASKS_BRACKET target=TASKS.md
2026-05-19T18:21:36Z | INFO | APPLIED rid=2026-05-19T22-21-36Z-agent-07c5-HISTORY_md-HISTORY_APPEND-c051 agent=agent-07c5 lane=? intent=HISTORY_APPEND target=HISTORY.md
2026-05-19T18:21:53Z | WARNING | REJECTED rid=2026-05-19T22-21-53Z-agent-07c5-STATUS_md-STATUS_UPDATE-8471 agent=agent-07c5 lane=? intent=STATUS_UPDATE target=STATUS.md reason=status-row-not-unique:lane=D:matches=0
2026-05-19T18:34:27Z | INFO | applier init pid=66874 mission=/Users/dave/Documents/Projects/megalodon-fleet
2026-05-19T18:35:33Z | WARNING | REJECTED rid=2026-05-19T22-35-32Z-agent-db2a-STATUS_md-STATUS_UPDATE-fb2c agent=agent-db2a lane=? intent=STATUS_UPDATE target=STATUS.md reason=status-row-not-unique:lane=E:matches=0
2026-05-19T18:36:25Z | INFO | APPLIED rid=2026-05-19T22-36-25Z-agent-07c5-TASKS_md-TASKS_BRACKET-215b agent=agent-07c5 lane=? intent=TASKS_BRACKET target=TASKS.md
2026-05-19T18:53:40Z | WARNING | REJECTED rid=2026-05-19T22-53-40Z-agent-0fa4-TASKS_md-TASKS_BRACKET-1d55 agent=agent-0fa4 lane=? intent=TASKS_BRACKET target=TASKS.md reason=task-not-unique:id=PROBE:matches=0
2026-05-19T18:54:11Z | INFO | APPLIED rid=2026-05-19T22-54-10Z-agent-d510-STATUS_md-STATUS_UPDATE-07c4 agent=agent-d510 lane=? intent=STATUS_UPDATE target=STATUS.md
2026-05-19T19:03:58Z | INFO | applier init pid=74849 mission=/Users/dave/Documents/Projects/megalodon-fleet
2026-05-19T19:05:21Z | WARNING | REJECTED rid=2026-05-19T23-05-20Z-agent-f66a-TASKS_md-TASKS_BRACKET-dd1f agent=agent-f66a lane=? intent=TASKS_BRACKET target=TASKS.md reason=task-not-unique:id=S-HYBRID-DASHBOARD:matches=0
2026-05-19T19:05:37Z | INFO | APPLIED rid=2026-05-19T23-05-37Z-agent-db2a-STATUS_md-STATUS_UPDATE-729a agent=agent-db2a lane=? intent=STATUS_UPDATE target=STATUS.md
2026-05-19T19:10:39Z | INFO | APPLIED rid=2026-05-19T23-10-38Z-agent-07c5-TASKS_md-TASKS_BRACKET-af0b agent=agent-07c5 lane=? intent=TASKS_BRACKET target=TASKS.md
2026-05-19T19:10:43Z | INFO | APPLIED rid=2026-05-19T23-10-43Z-agent-07c5-HISTORY_md-HISTORY_APPEND-3a62 agent=agent-07c5 lane=? intent=HISTORY_APPEND target=HISTORY.md
2026-05-19T19:10:52Z | INFO | APPLIED rid=2026-05-19T23-10-52Z-agent-07c5-STATUS_md-STATUS_UPDATE-dfe8 agent=agent-07c5 lane=? intent=STATUS_UPDATE target=STATUS.md
2026-05-19T19:11:05Z | INFO | APPLIED rid=2026-05-19T23-11-05Z-agent-07c5-TASKS_md-TASKS_BRACKET-81b4 agent=agent-07c5 lane=? intent=TASKS_BRACKET target=TASKS.md
2026-05-19T19:15:00Z | INFO | applier init pid=27743 mission=/Users/dave/Documents/Projects/megalodon-fleet
2026-05-19T19:15:45Z | INFO | APPLIED rid=2026-05-19T23-15-44Z-agent-07c5-TASKS_md-TASKS_BRACKET-8073 agent=agent-07c5 lane=? intent=TASKS_BRACKET target=TASKS.md
2026-05-19T19:16:00Z | INFO | APPLIED rid=2026-05-19T23-15-59Z-agent-07c5-STATUS_md-STATUS_UPDATE-72d8 agent=agent-07c5 lane=? intent=STATUS_UPDATE target=STATUS.md
2026-05-19T19:16:20Z | INFO | APPLIED rid=2026-05-19T23-16-19Z-agent-0fa4-STATUS_md-STATUS_UPDATE-00c8 agent=agent-0fa4 lane=? intent=STATUS_UPDATE target=STATUS.md
2026-05-19T19:16:38Z | INFO | APPLIED rid=2026-05-19T23-16-37Z-agent-f66a-STATUS_md-STATUS_UPDATE-ba91 agent=agent-f66a lane=? intent=STATUS_UPDATE target=STATUS.md
2026-05-19T19:17:02Z | INFO | APPLIED rid=2026-05-19T23-17-01Z-agent-0fa4-HISTORY_md-HISTORY_APPEND-3c6f agent=agent-0fa4 lane=? intent=HISTORY_APPEND target=HISTORY.md
2026-05-19T19:21:40Z | INFO | APPLIED rid=2026-05-19T23-21-39Z-agent-f66a-STATUS_md-STATUS_UPDATE-375c agent=agent-f66a lane=? intent=STATUS_UPDATE target=STATUS.md
2026-05-19T19:22:28Z | INFO | APPLIED rid=2026-05-19T23-22-27Z-agent-07c5-TASKS_md-TASKS_BRACKET-e387 agent=agent-07c5 lane=? intent=TASKS_BRACKET target=TASKS.md
2026-05-19T19:22:32Z | INFO | APPLIED rid=2026-05-19T23-22-31Z-agent-07c5-HISTORY_md-HISTORY_APPEND-3835 agent=agent-07c5 lane=? intent=HISTORY_APPEND target=HISTORY.md
2026-05-19T19:22:37Z | INFO | APPLIED rid=2026-05-19T23-22-36Z-agent-07c5-STATUS_md-STATUS_UPDATE-aad1 agent=agent-07c5 lane=? intent=STATUS_UPDATE target=STATUS.md
2026-05-19T19:23:11Z | INFO | APPLIED rid=2026-05-19T23-23-11Z-agent-0fa4-STATUS_md-STATUS_UPDATE-02a0 agent=agent-0fa4 lane=? intent=STATUS_UPDATE target=STATUS.md
2026-05-19T19:26:42Z | INFO | APPLIED rid=2026-05-19T23-26-41Z-agent-f66a-STATUS_md-STATUS_UPDATE-aca8 agent=agent-f66a lane=? intent=STATUS_UPDATE target=STATUS.md
2026-05-19T19:27:22Z | INFO | APPLIED rid=2026-05-19T23-27-21Z-agent-d510-TASKS_md-TASKS_BRACKET-f496 agent=agent-d510 lane=? intent=TASKS_BRACKET target=TASKS.md
2026-05-19T19:27:26Z | INFO | APPLIED rid=2026-05-19T23-27-25Z-agent-d510-HISTORY_md-HISTORY_APPEND-186c agent=agent-d510 lane=? intent=HISTORY_APPEND target=HISTORY.md
2026-05-19T19:27:35Z | INFO | APPLIED rid=2026-05-19T23-27-34Z-agent-d510-STATUS_md-STATUS_UPDATE-9c80 agent=agent-d510 lane=? intent=STATUS_UPDATE target=STATUS.md
2026-05-19T19:31:26Z | INFO | APPLIED rid=2026-05-19T23-31-25Z-agent-f66a-STATUS_md-STATUS_UPDATE-80ec agent=agent-f66a lane=? intent=STATUS_UPDATE target=STATUS.md
2026-05-19T19:31:30Z | INFO | APPLIED rid=2026-05-19T23-31-29Z-agent-0fa4-HISTORY_md-HISTORY_APPEND-5455 agent=agent-0fa4 lane=? intent=HISTORY_APPEND target=HISTORY.md
2026-05-19T19:31:32Z | INFO | APPLIED rid=2026-05-19T23-31-31Z-agent-0fa4-STATUS_md-STATUS_UPDATE-8fee agent=agent-0fa4 lane=? intent=STATUS_UPDATE target=STATUS.md
2026-05-19T19:32:18Z | INFO | applier init pid=20286 mission=/Users/dave/Documents/Projects/megalodon-fleet
2026-05-19T19:33:22Z | WARNING | REJECTED rid=2026-05-19T23-33-21Z-agent-f66a-TASKS_md-TASKS_BRACKET-b3b6 agent=agent-f66a lane=? intent=TASKS_BRACKET target=TASKS.md reason=task-not-unique:id=S-HYBRID-DASHBOARD:matches=0
2026-05-19T19:35:47Z | INFO | APPLIED rid=2026-05-19T23-35-46Z-agent-db2a-STATUS_md-STATUS_UPDATE-93a2 agent=agent-db2a lane=? intent=STATUS_UPDATE target=STATUS.md
2026-05-19T19:37:26Z | INFO | APPLIED rid=2026-05-19T23-37-26Z-agent-f66a-HISTORY_md-HISTORY_APPEND-dd17 agent=agent-f66a lane=? intent=HISTORY_APPEND target=HISTORY.md
2026-05-19T19:37:39Z | INFO | APPLIED rid=2026-05-19T23-37-38Z-agent-f66a-STATUS_md-STATUS_UPDATE-9497 agent=agent-f66a lane=? intent=STATUS_UPDATE target=STATUS.md
2026-05-19T19:41:33Z | INFO | APPLIED rid=2026-05-19T23-41-33Z-agent-d510-TASKS_md-TASKS_BRACKET-3a62 agent=agent-d510 lane=? intent=TASKS_BRACKET target=TASKS.md
2026-05-19T19:41:43Z | INFO | APPLIED rid=2026-05-19T23-41-42Z-agent-d510-STATUS_md-STATUS_UPDATE-324b agent=agent-d510 lane=? intent=STATUS_UPDATE target=STATUS.md
2026-05-19T23:44:13Z | INFO | applier init pid=90861 mission=/Users/dave/Documents/Projects/megalodon-fleet
2026-05-19T23:46:14Z | WARNING | REJECTED rid=2026-05-19T23-46-14Z-agent-07c5-TASKS_md-TASKS_BRACKET-ddaf agent=agent-07c5 lane=? intent=TASKS_BRACKET target=TASKS.md reason=task-not-unique:id=S-HYBRID-DASHBOARD:matches=0
2026-05-19T23:47:24Z | INFO | APPLIED rid=2026-05-19T23-47-24Z-agent-d510-TASKS_md-TASKS_BRACKET-6648 agent=agent-d510 lane=? intent=TASKS_BRACKET target=TASKS.md
2026-05-19T23:47:48Z | INFO | APPLIED rid=2026-05-19T23-47-48Z-agent-d510-TASKS_md-TASKS_BRACKET-f778 agent=agent-d510 lane=? intent=TASKS_BRACKET target=TASKS.md
2026-05-19T23:47:51Z | INFO | APPLIED rid=2026-05-19T23-47-51Z-agent-d510-HISTORY_md-HISTORY_APPEND-3164 agent=agent-d510 lane=? intent=HISTORY_APPEND target=HISTORY.md
2026-05-19T23:47:58Z | INFO | APPLIED rid=2026-05-19T23-47-58Z-agent-d510-STATUS_md-STATUS_UPDATE-425d agent=agent-d510 lane=? intent=STATUS_UPDATE target=STATUS.md
2026-05-19T23:49:53Z | INFO | APPLIED rid=2026-05-19T23-49-52Z-agent-f66a-HISTORY_md-HISTORY_APPEND-0379 agent=agent-f66a lane=? intent=HISTORY_APPEND target=HISTORY.md
2026-05-19T23:50:01Z | INFO | APPLIED rid=2026-05-19T23-50-00Z-agent-f66a-STATUS_md-STATUS_UPDATE-be1e agent=agent-f66a lane=? intent=STATUS_UPDATE target=STATUS.md
2026-05-19T23:54:42Z | INFO | applier init pid=53741 mission=/Users/dave/Documents/Projects/megalodon-fleet
2026-05-19T23:56:03Z | INFO | APPLIED rid=2026-05-19T23-56-03Z-agent-d55b-STATUS_md-STATUS_UPDATE-6449 agent=agent-d55b lane=? intent=STATUS_UPDATE target=STATUS.md
2026-05-19T23:57:23Z | WARNING | REJECTED rid=2026-05-19T23-57-22Z-agent-07c5-TASKS_md-TASKS_BRACKET-8bcd agent=agent-07c5 lane=? intent=TASKS_BRACKET target=TASKS.md reason=task-not-unique:id=S-HYBRID-DASHBOARD:matches=0
2026-05-19T23:57:33Z | INFO | APPLIED rid=2026-05-19T23-57-32Z-agent-f66a-STATUS_md-STATUS_UPDATE-5dfa agent=agent-f66a lane=? intent=STATUS_UPDATE target=STATUS.md
2026-05-19T23:58:14Z | INFO | APPLIED rid=2026-05-19T23-58-13Z-agent-07c5-TASKS_md-TASKS_BRACKET-57a3 agent=agent-07c5 lane=? intent=TASKS_BRACKET target=TASKS.md
2026-05-19T23:58:38Z | INFO | APPLIED rid=2026-05-19T23-58-37Z-agent-07c5-STATUS_md-STATUS_UPDATE-7427 agent=agent-07c5 lane=? intent=STATUS_UPDATE target=STATUS.md
2026-05-20T00:00:20Z | INFO | APPLIED rid=2026-05-20T00-00-20Z-agent-d510-TASKS_md-TASKS_BRACKET-1200 agent=agent-d510 lane=? intent=TASKS_BRACKET target=TASKS.md
2026-05-20T00:00:26Z | INFO | APPLIED rid=2026-05-20T00-00-26Z-agent-d510-STATUS_md-STATUS_UPDATE-7966 agent=agent-d510 lane=? intent=STATUS_UPDATE target=STATUS.md
2026-05-20T00:00:49Z | INFO | APPLIED rid=2026-05-20T00-00-49Z-agent-d55b-STATUS_md-STATUS_UPDATE-950a agent=agent-d55b lane=? intent=STATUS_UPDATE target=STATUS.md
2026-05-20T00:03:45Z | INFO | APPLIED rid=2026-05-20T00-03-45Z-agent-f66a-STATUS_md-STATUS_UPDATE-7dc4 agent=agent-f66a lane=? intent=STATUS_UPDATE target=STATUS.md
2026-05-20T00:05:20Z | INFO | APPLIED rid=2026-05-20T00-05-19Z-agent-0fa4-STATUS_md-STATUS_UPDATE-240b agent=agent-0fa4 lane=? intent=STATUS_UPDATE target=STATUS.md
2026-05-20T00:05:29Z | INFO | APPLIED rid=2026-05-20T00-05-28Z-agent-d55b-STATUS_md-STATUS_UPDATE-9076 agent=agent-d55b lane=? intent=STATUS_UPDATE target=STATUS.md
2026-05-20T00:09:47Z | INFO | APPLIED rid=2026-05-20T00-09-47Z-agent-f66a-STATUS_md-STATUS_UPDATE-7ff6 agent=agent-f66a lane=? intent=STATUS_UPDATE target=STATUS.md
2026-05-20T00:10:38Z | INFO | APPLIED rid=2026-05-20T00-10-38Z-agent-d55b-STATUS_md-STATUS_UPDATE-a842 agent=agent-d55b lane=? intent=STATUS_UPDATE target=STATUS.md
2026-05-20T00:12:09Z | INFO | APPLIED rid=2026-05-20T00-12-08Z-agent-0fa4-STATUS_md-STATUS_UPDATE-928c agent=agent-0fa4 lane=? intent=STATUS_UPDATE target=STATUS.md
2026-05-20T00:14:18Z | INFO | APPLIED rid=2026-05-20T00-14-17Z-agent-db2a-TASKS_md-TASKS_BRACKET-2925 agent=agent-db2a lane=? intent=TASKS_BRACKET target=TASKS.md
2026-05-20T00:14:23Z | INFO | APPLIED rid=2026-05-20T00-14-22Z-agent-db2a-HISTORY_md-HISTORY_APPEND-b43e agent=agent-db2a lane=? intent=HISTORY_APPEND target=HISTORY.md
2026-05-20T00:14:37Z | INFO | APPLIED rid=2026-05-20T00-14-37Z-agent-db2a-STATUS_md-STATUS_UPDATE-5926 agent=agent-db2a lane=? intent=STATUS_UPDATE target=STATUS.md
2026-05-20T00:15:30Z | INFO | APPLIED rid=2026-05-20T00-15-29Z-agent-d55b-STATUS_md-STATUS_UPDATE-9d55 agent=agent-d55b lane=? intent=STATUS_UPDATE target=STATUS.md
2026-05-20T00:15:36Z | INFO | APPLIED rid=2026-05-20T00-15-36Z-agent-f66a-STATUS_md-STATUS_UPDATE-a092 agent=agent-f66a lane=? intent=STATUS_UPDATE target=STATUS.md
2026-05-20T00:19:08Z | INFO | APPLIED rid=2026-05-20T00-19-08Z-agent-d510-TASKS_md-TASKS_BRACKET-6b2c agent=agent-d510 lane=? intent=TASKS_BRACKET target=TASKS.md
2026-05-20T00:19:18Z | INFO | APPLIED rid=2026-05-20T00-19-18Z-agent-d510-HISTORY_md-HISTORY_APPEND-9718 agent=agent-d510 lane=? intent=HISTORY_APPEND target=HISTORY.md
2026-05-20T00:19:30Z | INFO | APPLIED rid=2026-05-20T00-19-30Z-agent-d510-STATUS_md-STATUS_UPDATE-5e3a agent=agent-d510 lane=? intent=STATUS_UPDATE target=STATUS.md
2026-05-20T00:19:43Z | INFO | APPLIED rid=2026-05-20T00-19-42Z-agent-0fa4-STATUS_md-STATUS_UPDATE-d1cb agent=agent-0fa4 lane=? intent=STATUS_UPDATE target=STATUS.md
2026-05-20T00:20:35Z | INFO | APPLIED rid=2026-05-20T00-20-35Z-agent-d55b-STATUS_md-STATUS_UPDATE-0ed0 agent=agent-d55b lane=? intent=STATUS_UPDATE target=STATUS.md
2026-05-20T00:21:17Z | INFO | APPLIED rid=2026-05-20T00-21-17Z-agent-f66a-STATUS_md-STATUS_UPDATE-485f agent=agent-f66a lane=? intent=STATUS_UPDATE target=STATUS.md
2026-05-20T00:24:58Z | INFO | APPLIED rid=2026-05-20T00-24-57Z-agent-d510-TASKS_md-TASKS_BRACKET-bd9d agent=agent-d510 lane=? intent=TASKS_BRACKET target=TASKS.md
2026-05-20T00:25:05Z | INFO | APPLIED rid=2026-05-20T00-25-05Z-agent-d510-STATUS_md-STATUS_UPDATE-af81 agent=agent-d510 lane=? intent=STATUS_UPDATE target=STATUS.md
2026-05-20T00:25:35Z | INFO | APPLIED rid=2026-05-20T00-25-35Z-agent-d55b-STATUS_md-STATUS_UPDATE-9988 agent=agent-d55b lane=? intent=STATUS_UPDATE target=STATUS.md
2026-05-20T00:27:06Z | INFO | APPLIED rid=2026-05-20T00-27-05Z-agent-f66a-STATUS_md-STATUS_UPDATE-956a agent=agent-f66a lane=? intent=STATUS_UPDATE target=STATUS.md
2026-05-20T00:27:23Z | INFO | APPLIED rid=2026-05-20T00-27-23Z-agent-0fa4-STATUS_md-STATUS_UPDATE-a685 agent=agent-0fa4 lane=? intent=STATUS_UPDATE target=STATUS.md
2026-05-20T00:30:36Z | INFO | APPLIED rid=2026-05-20T00-30-35Z-agent-d55b-STATUS_md-STATUS_UPDATE-eda1 agent=agent-d55b lane=? intent=STATUS_UPDATE target=STATUS.md
2026-05-20T00:32:44Z | INFO | APPLIED rid=2026-05-20T00-32-44Z-agent-f66a-STATUS_md-STATUS_UPDATE-d260 agent=agent-f66a lane=? intent=STATUS_UPDATE target=STATUS.md
2026-05-20T00:34:57Z | INFO | APPLIED rid=2026-05-20T00-34-56Z-agent-0fa4-STATUS_md-STATUS_UPDATE-affe agent=agent-0fa4 lane=? intent=STATUS_UPDATE target=STATUS.md
2026-05-20T00:35:37Z | INFO | APPLIED rid=2026-05-20T00-35-36Z-agent-d55b-STATUS_md-STATUS_UPDATE-f235 agent=agent-d55b lane=? intent=STATUS_UPDATE target=STATUS.md
2026-05-20T00:38:42Z | INFO | APPLIED rid=2026-05-20T00-38-41Z-agent-f66a-STATUS_md-STATUS_UPDATE-7a06 agent=agent-f66a lane=? intent=STATUS_UPDATE target=STATUS.md
2026-05-20T00:40:41Z | INFO | APPLIED rid=2026-05-20T00-40-40Z-agent-d55b-STATUS_md-STATUS_UPDATE-e62c agent=agent-d55b lane=? intent=STATUS_UPDATE target=STATUS.md
2026-05-20T00:41:48Z | INFO | APPLIED rid=2026-05-20T00-41-47Z-agent-0fa4-STATUS_md-STATUS_UPDATE-1e07 agent=agent-0fa4 lane=? intent=STATUS_UPDATE target=STATUS.md
2026-05-20T00:44:02Z | INFO | APPLIED rid=2026-05-20T00-44-02Z-agent-f66a-STATUS_md-STATUS_UPDATE-0900 agent=agent-f66a lane=? intent=STATUS_UPDATE target=STATUS.md
2026-05-20T00:48:04Z | INFO | APPLIED rid=2026-05-20T00-48-04Z-agent-0fa4-STATUS_md-STATUS_UPDATE-32db agent=agent-0fa4 lane=? intent=STATUS_UPDATE target=STATUS.md
2026-05-20T00:51:50Z | INFO | APPLIED rid=2026-05-20T00-51-49Z-agent-d55b-STATUS_md-STATUS_UPDATE-496e agent=agent-d55b lane=? intent=STATUS_UPDATE target=STATUS.md
2026-05-20T00:55:52Z | INFO | APPLIED rid=2026-05-20T00-55-52Z-agent-f66a-STATUS_md-STATUS_UPDATE-076e agent=agent-f66a lane=? intent=STATUS_UPDATE target=STATUS.md
2026-05-20T00:57:11Z | INFO | APPLIED rid=2026-05-20T00-57-10Z-agent-d510-TASKS_md-TASKS_BRACKET-56e2 agent=agent-d510 lane=? intent=TASKS_BRACKET target=TASKS.md
2026-05-20T01:00:37Z | INFO | APPLIED rid=2026-05-20T01-00-36Z-agent-0fa4-STATUS_md-STATUS_UPDATE-e773 agent=agent-0fa4 lane=? intent=STATUS_UPDATE target=STATUS.md
2026-05-20T01:00:48Z | INFO | APPLIED rid=2026-05-20T01-00-47Z-agent-d510-HISTORY_md-HISTORY_APPEND-5bb0 agent=agent-d510 lane=? intent=HISTORY_APPEND target=HISTORY.md
2026-05-20T01:06:53Z | INFO | APPLIED rid=2026-05-20T01-06-53Z-agent-d510-STATUS_md-STATUS_UPDATE-5d4d agent=agent-d510 lane=? intent=STATUS_UPDATE target=STATUS.md
2026-05-20T01:07:20Z | INFO | APPLIED rid=2026-05-20T01-07-19Z-agent-f66a-STATUS_md-STATUS_UPDATE-5ec0 agent=agent-f66a lane=? intent=STATUS_UPDATE target=STATUS.md
2026-05-20T01:11:47Z | INFO | APPLIED rid=2026-05-20T01-11-47Z-agent-0fa4-STATUS_md-STATUS_UPDATE-79d8 agent=agent-0fa4 lane=? intent=STATUS_UPDATE target=STATUS.md
